\BOOKMARK [0][-]{Doc-Start}{Presentación}{}% 1
\BOOKMARK [0][-]{Doc-Start}{Agradecimientos}{}% 2
\BOOKMARK [0][-]{Doc-Start}{Introducción}{}% 3
\BOOKMARK [0][-]{Doc-Start}{Notas metodológicas}{}% 4
\BOOKMARK [0][-]{Doc-Start}{Importancia\040de\040la\040seguridad\040alimentaria\040y\040nutricional\040}{}% 5
\BOOKMARK [0][-]{section*.1}{Población}{}% 6
\BOOKMARK [1][-]{section*.3}{ Evolución de la población }{section*.1}% 7
\BOOKMARK [2][-]{section*.4}{ Índice de desarrollo humano }{section*.3}% 8
\BOOKMARK [2][-]{section*.5}{\040IDH\040en\040los\040departamentos}{section*.3}% 9
\BOOKMARK [2][-]{section*.6}{ Densidad de población }{section*.3}% 10
\BOOKMARK [2][-]{section*.7}{ Población por grupos de edad, año 2008 }{section*.3}% 11
\BOOKMARK [2][-]{section*.8}{ Población por grupos de edad, año 2015 }{section*.3}% 12
\BOOKMARK [2][-]{section*.9}{ Población departamental del 2015 }{section*.3}% 13
\BOOKMARK [2][-]{section*.10}{\040Densidad\040poblacional\040departamental\040del\0402015\040}{section*.3}% 14
\BOOKMARK [2][-]{section*.11}{\040Pobreza\040total\040}{section*.3}% 15
\BOOKMARK [2][-]{section*.12}{\040Pobreza\040total\040rural}{section*.3}% 16
\BOOKMARK [2][-]{section*.13}{\040Pobreza\040extrema\040}{section*.3}% 17
\BOOKMARK [2][-]{section*.14}{\040Pobreza\040extrema\040rural}{section*.3}% 18
\BOOKMARK [2][-]{section*.15}{\040PET\040}{section*.3}% 19
\BOOKMARK [2][-]{section*.16}{\040PEA\040}{section*.3}% 20
\BOOKMARK [2][-]{section*.17}{ Población ocupada }{section*.3}% 21
\BOOKMARK [2][-]{section*.18}{ Participación por dominio}{section*.3}% 22
\BOOKMARK [2][-]{section*.19}{ Tasa de participación, según sexo}{section*.3}% 23
\BOOKMARK [0][-]{section*.20}{Disponibilidad\040de\040alimentos}{}% 24
\BOOKMARK [1][-]{section*.21}{ Maíz }{section*.20}% 25
\BOOKMARK [2][-]{section*.22}{ Rendimiento del maíz }{section*.21}% 26
\BOOKMARK [2][-]{section*.23}{\040Frijol\040}{section*.21}% 27
\BOOKMARK [2][-]{section*.24}{\040Rendimiento\040frijol\040}{section*.21}% 28
\BOOKMARK [2][-]{section*.25}{\040Arroz\040}{section*.21}% 29
\BOOKMARK [2][-]{section*.26}{\040Rendimiento\040del\040arroz\040}{section*.21}% 30
\BOOKMARK [2][-]{section*.27}{\040Trigo\040}{section*.21}% 31
\BOOKMARK [2][-]{section*.28}{\040Rendimiento\040del\040trigo}{section*.21}% 32
\BOOKMARK [2][-]{section*.29}{ Balanza comercial de maíz blanco }{section*.21}% 33
\BOOKMARK [2][-]{section*.30}{ Balanza comercial de maíz amarillo }{section*.21}% 34
\BOOKMARK [2][-]{section*.31}{\040Balanza\040comercial\040del\040frijol\040}{section*.21}% 35
\BOOKMARK [2][-]{section*.32}{\040Balanza\040comercial\040del\040arroz\040}{section*.21}% 36
\BOOKMARK [2][-]{section*.33}{\040Balanza\040comercial\040del\040trigo\040}{section*.21}% 37
\BOOKMARK [2][-]{section*.34}{\040Disponibilidad\040de\040derivados\040de\040cereales\040}{section*.21}% 38
\BOOKMARK [2][-]{section*.35}{ Disponibilidad de leguminosas, azúcares y/o tubérculos }{section*.21}% 39
\BOOKMARK [2][-]{section*.36}{\040Disponibilidad\040de\040hortalizas}{section*.21}% 40
\BOOKMARK [2][-]{section*.37}{\040Disponibilidad\040de\040frutas}{section*.21}% 41
\BOOKMARK [2][-]{section*.38}{ Disponibilidad per cápita de carnes}{section*.21}% 42
\BOOKMARK [2][-]{section*.39}{\040Disponibilidad\040de\040huevos,\040pescado\040y\040mariscos}{section*.21}% 43
\BOOKMARK [2][-]{section*.40}{ Disponibilidad de productos lácteos}{section*.21}% 44
\BOOKMARK [2][-]{section*.41}{\040Disponibilidad\040de\040aceites\040y\040grasas}{section*.21}% 45
\BOOKMARK [2][-]{section*.42}{ Disponibilidad per cápita de alimentos gratificantes}{section*.21}% 46
\BOOKMARK [0][-]{section*.43}{Acceso\040a\040los\040alimentos}{}% 47
\BOOKMARK [1][-]{section*.44}{ Evolución del salario mínimo }{section*.43}% 48
\BOOKMARK [2][-]{section*.45}{\040Ingreso\040laboral\040mensual\040}{section*.44}% 49
\BOOKMARK [2][-]{section*.46}{ Ingreso laboral mensual, según dominio de estudio}{section*.44}% 50
\BOOKMARK [2][-]{section*.47}{ Ingreso laboral mensual, según etnia}{section*.44}% 51
\BOOKMARK [2][-]{section*.48}{\040Ingreso\040de\040afiliados\040al\040IGSS}{section*.44}% 52
\BOOKMARK [2][-]{section*.49}{ Ingreso de afiliados al IGSS, según rama de actividad}{section*.44}% 53
\BOOKMARK [2][-]{section*.50}{\040Ingreso\040de\040afiliados\040al\040IGSS\040por\040departamento\040}{section*.44}% 54
\BOOKMARK [2][-]{section*.51}{ Costo de la canasta básica}{section*.44}% 55
\BOOKMARK [2][-]{section*.52}{ Costo de la canasta básica ampliada}{section*.44}% 56
\BOOKMARK [0][-]{section*.53}{Consumo\040de\040alimentos}{}% 57
\BOOKMARK [1][-]{section*.54}{ Duración de la lactancia según área de residencia}{section*.53}% 58
\BOOKMARK [2][-]{section*.55}{ Duración de la lactancia según etnia}{section*.54}% 59
\BOOKMARK [2][-]{section*.56}{ Duración de la lactancia por educación}{section*.54}% 60
\BOOKMARK [2][-]{section*.57}{ Niños de 0 a 3 meses según lactancia}{section*.54}% 61
\BOOKMARK [2][-]{section*.58}{ Niños de 0 a 3 meses según lactancia por etnia}{section*.54}% 62
\BOOKMARK [2][-]{section*.59}{ Niños de 0 a 3 meses según lactancia y educación de la madre}{section*.54}% 63
\BOOKMARK [2][-]{section*.60}{ Niños de 0 a 5 meses, según lactancia y área}{section*.54}% 64
\BOOKMARK [2][-]{section*.61}{ Niños de 0 a 5 meses, según lactancia por etnia}{section*.54}% 65
\BOOKMARK [2][-]{section*.62}{ Niños de 0 a 5 meses, según lactancia y educación de la madre}{section*.54}% 66
\BOOKMARK [0][-]{section*.63}{Utilización biológica de los alimentos}{}% 67
\BOOKMARK [1][-]{section*.64}{\040Diarrea}{section*.63}% 68
\BOOKMARK [2][-]{section*.65}{ Diarrea según sexo}{section*.64}% 69
\BOOKMARK [2][-]{section*.66}{\040Casos\040de\040diarrea\040por\040departamento}{section*.64}% 70
\BOOKMARK [2][-]{section*.67}{\040Infecciones\040respiratorias\040agudas}{section*.64}% 71
\BOOKMARK [2][-]{section*.68}{ Infecciones respiratorias agudas según sexo}{section*.64}% 72
\BOOKMARK [2][-]{section*.69}{\040Casos\040de\040IRA\040por\040departamento}{section*.64}% 73
\BOOKMARK [2][-]{section*.70}{\040Asistencia\040prenatal}{section*.64}% 74
\BOOKMARK [2][-]{section*.71}{\040Asistencia\040en\040el\040parto}{section*.64}% 75
\BOOKMARK [2][-]{section*.72}{ Niños que reciben alguna vacuna o desparasitante}{section*.64}% 76
\BOOKMARK [2][-]{section*.73}{\040Tasa\040Global\040de\040Fecundidad}{section*.64}% 77
\BOOKMARK [2][-]{section*.74}{ Tasa Global de Fecundidad, por área de residencia}{section*.64}% 78
\BOOKMARK [2][-]{section*.75}{\040Acceso\040a\040agua}{section*.64}% 79
\BOOKMARK [2][-]{section*.76}{\040Acceso\040a\040servicios\040de\040saneamiento}{section*.64}% 80
\BOOKMARK [2][-]{section*.77}{\040Viviendas\040y\040acceso\040al\040agua}{section*.64}% 81
\BOOKMARK [2][-]{section*.78}{\040Viviendas\040y\040acceso\040a\040drenajes}{section*.64}% 82
\BOOKMARK [2][-]{section*.79}{\040Viviendas\040formales\040}{section*.64}% 83
\BOOKMARK [2][-]{section*.80}{\040Hogares\040que\040viven\040en\040hacinamiento\040en\040los\040departamentos}{section*.64}% 84
\BOOKMARK [2][-]{section*.81}{\040Viviendas\040con\040pared\040de\040block\040}{section*.64}% 85
\BOOKMARK [2][-]{section*.82}{ Viviendas con techo de lámina }{section*.64}% 86
\BOOKMARK [2][-]{section*.83}{\040Viviendas\040y\040material\040del\040piso}{section*.64}% 87
\BOOKMARK [0][-]{section*.84}{Situación y atención a la desnutrición o malnutrición}{}% 88
\BOOKMARK [1][-]{section*.85}{\040Mujeres\040con\040anemia\040}{section*.84}% 89
\BOOKMARK [2][-]{section*.86}{\040IMC\040de\040mujeres\040}{section*.85}% 90
\BOOKMARK [2][-]{section*.87}{ IMC de mujeres, según área de residencia }{section*.85}% 91
\BOOKMARK [2][-]{section*.88}{ Talla promedio según área de residencia }{section*.85}% 92
\BOOKMARK [2][-]{section*.89}{ Peso de niños recién nacidos }{section*.85}% 93
\BOOKMARK [2][-]{section*.90}{ Desnutrición global }{section*.85}% 94
\BOOKMARK [2][-]{section*.91}{ Desnutrición aguda }{section*.85}% 95
\BOOKMARK [2][-]{section*.92}{ Desnutrición crónica }{section*.85}% 96
\BOOKMARK [2][-]{section*.93}{ Niños con anemia }{section*.85}% 97
\BOOKMARK [2][-]{section*.94}{ Niños con anemia por departamento }{section*.85}% 98
\BOOKMARK [0][-]{section*.95}{Inversión pública en SAN }{}% 99
\BOOKMARK [1][-]{section*.96}{ Asignación presupuestaria a la Sesan }{section*.95}% 100
\BOOKMARK [2][-]{section*.97}{ Ejecución presupuestaria de la Sesan }{section*.96}% 101
\BOOKMARK [2][-]{section*.98}{\040Detalle\040de\040gasto\040de\040la\040Sesan\040}{section*.96}% 102
\BOOKMARK [2][-]{section*.99}{ Asignación presupuestaria a la ventana de los mil días}{section*.96}% 103
\BOOKMARK [2][-]{section*.100}{ Gasto Programa Ventana de los Mil Días}{section*.96}% 104
\BOOKMARK [0][-]{example.92}{APÉNDICES}{}% 105
\BOOKMARK [0][-]{section*.101}{Proyecciones de población}{}% 106
\BOOKMARK [0][-]{section*.102}{Disponibilidad de alimentos. \(Dimensión 2\)}{}% 107
\BOOKMARK [0][-]{section*.103}{Acceso a los alimentos \(Dimensión 2\)}{}% 108
\BOOKMARK [0][-]{section*.104}{Consumo de los alimentos. \(Dimensión 3\)}{}% 109
\BOOKMARK [0][-]{section*.105}{Utilización biológica de los alimentos \(Dimensión 5\)}{}% 110
\BOOKMARK [0][-]{section*.106}{Situación y atención a la desnutrición/malnutrición \(Dimensión 6\)}{}% 111
\BOOKMARK [0][-]{section*.107}{Inversión pública en SAN}{}% 112
